<?xml version="1.0" encoding="UTF-8"?>
<testsuite xmlns:xsi="http://www.w3.org/2001/XMLSchema-instance" xsi:noNamespaceSchemaLocation="https://maven.apache.org/surefire/maven-surefire-plugin/xsd/surefire-test-report.xsd" name="TestSuite" time="141.651" tests="10" errors="0" skipped="0" failures="1">
  <properties>
[...]
</properties>
  <testcase name="feature" classname="upskill.runners.RunnerClass" time="31.489"/>
  <testcase name="feature" classname="upskill.runners.RunnerClass" time="17.591"/>
  <testcase name="feature" classname="upskill.runners.RunnerClass" time="28.313">
    <failure message="org.openqa.selenium.NoSuchElementException: no such element: Unable to locate element: {&quot;method&quot;:&quot;xpath&quot;,&quot;selector&quot;:&quot;//*[@id=&quot;s0-51-12-0-1-2-6-0-2[1]-4[5]-3&quot;]&quot;}&#10;  (Session info: chrome=107.0.5304.88)&#10;For documentation on this error, please visit: http://seleniumhq.org/exceptions/no_such_element.html&#10;Build info: version: &apos;3.12.0&apos;, revision: &apos;7c6e0b3&apos;, time: &apos;2018-05-08T14:04:26.12Z&apos;&#10;System info: host: &apos;RATAN&apos;, ip: &apos;192.168.68.53&apos;, os.name: &apos;Windows 10&apos;, os.arch: &apos;amd64&apos;, os.version: &apos;10.0&apos;, java.version: &apos;11.0.16&apos;&#10;Driver info: org.openqa.selenium.chrome.ChromeDriver&#10;Capabilities {acceptInsecureCerts: false, browserName: chrome, browserVersion: 107.0.5304.88, chrome: {chromedriverVersion: 107.0.5304.62 (1eec40d3a576..., userDataDir: C:\Users\SKRAT\AppData\Loca...}, goog:chromeOptions: {debuggerAddress: localhost:55588}, javascriptEnabled: true, networkConnectionEnabled: false, pageLoadStrategy: normal, platform: WINDOWS, platformName: WINDOWS, proxy: Proxy(), setWindowRect: true, strictFileInteractability: false, timeouts: {implicit: 0, pageLoad: 300000, script: 30000}, unhandledPromptBehavior: dismiss and notify, webauthn:extension:credBlob: true, webauthn:extension:largeBlob: true, webauthn:virtualAuthenticators: true}&#10;Session ID: 4c2949b7e34e1f65773a1fc9bb2bb1c5&#10;*** Element info: {Using=xpath, value=//*[@id=&quot;s0-51-12-0-1-2-6-0-2[1]-4[5]-3&quot;]}" type="cucumber.runtime.CucumberException">cucumber.runtime.CucumberException: 
org.openqa.selenium.NoSuchElementException: no such element: Unable to locate element: {"method":"xpath","selector":"//*[@id="s0-51-12-0-1-2-6-0-2[1]-4[5]-3"]"}
  (Session info: chrome=107.0.5304.88)
For documentation on this error, please visit: http://seleniumhq.org/exceptions/no_such_element.html
Build info: version: '3.12.0', revision: '7c6e0b3', time: '2018-05-08T14:04:26.12Z'
System info: host: 'RATAN', ip: '192.168.68.53', os.name: 'Windows 10', os.arch: 'amd64', os.version: '10.0', java.version: '11.0.16'
Driver info: org.openqa.selenium.chrome.ChromeDriver
Capabilities {acceptInsecureCerts: false, browserName: chrome, browserVersion: 107.0.5304.88, chrome: {chromedriverVersion: 107.0.5304.62 (1eec40d3a576..., userDataDir: C:\Users\SKRAT\AppData\Loca...}, goog:chromeOptions: {debuggerAddress: localhost:55588}, javascriptEnabled: true, networkConnectionEnabled: false, pageLoadStrategy: normal, platform: WINDOWS, platformName: WINDOWS, proxy: Proxy(), setWindowRect: true, strictFileInteractability: false, timeouts: {implicit: 0, pageLoad: 300000, script: 30000}, unhandledPromptBehavior: dismiss and notify, webauthn:extension:credBlob: true, webauthn:extension:largeBlob: true, webauthn:virtualAuthenticators: true}
Session ID: 4c2949b7e34e1f65773a1fc9bb2bb1c5
*** Element info: {Using=xpath, value=//*[@id="s0-51-12-0-1-2-6-0-2[1]-4[5]-3"]}
Caused by: org.openqa.selenium.NoSuchElementException: 
no such element: Unable to locate element: {"method":"xpath","selector":"//*[@id="s0-51-12-0-1-2-6-0-2[1]-4[5]-3"]"}
  (Session info: chrome=107.0.5304.88)
For documentation on this error, please visit: http://seleniumhq.org/exceptions/no_such_element.html
Build info: version: '3.12.0', revision: '7c6e0b3', time: '2018-05-08T14:04:26.12Z'
System info: host: 'RATAN', ip: '192.168.68.53', os.name: 'Windows 10', os.arch: 'amd64', os.version: '10.0', java.version: '11.0.16'
Driver info: org.openqa.selenium.chrome.ChromeDriver
Capabilities {acceptInsecureCerts: false, browserName: chrome, browserVersion: 107.0.5304.88, chrome: {chromedriverVersion: 107.0.5304.62 (1eec40d3a576..., userDataDir: C:\Users\SKRAT\AppData\Loca...}, goog:chromeOptions: {debuggerAddress: localhost:55588}, javascriptEnabled: true, networkConnectionEnabled: false, pageLoadStrategy: normal, platform: WINDOWS, platformName: WINDOWS, proxy: Proxy(), setWindowRect: true, strictFileInteractability: false, timeouts: {implicit: 0, pageLoad: 300000, script: 30000}, unhandledPromptBehavior: dismiss and notify, webauthn:extension:credBlob: true, webauthn:extension:largeBlob: true, webauthn:virtualAuthenticators: true}
Session ID: 4c2949b7e34e1f65773a1fc9bb2bb1c5
*** Element info: {Using=xpath, value=//*[@id="s0-51-12-0-1-2-6-0-2[1]-4[5]-3"]}
</failure>
    <system-out><![CDATA[@regression @smoke
Feature: Ebay Country Outline
  Description: User should able to filter items by Country

  Scenario Outline: Filter items by country # EbayCountryOutline.feature:6
    Given Search for "<Items>"
    When Region of Manufacture "<Country>"
    Then Item list should from "<Country>"

    Examples: 
--->>>> Initializing Driver....
Test Scenario Name : Filter items by country
Home page

  Background:                # EbayCountryOutline.feature:4
    Given Open Ebay Homepage # EbayHomePageSteps.open_Ebay_Homepage()
<<<<<<<<<<Screeshot Taken>>>>>>>>>
 -----Test Complete, Browser Closed----- 
--->>>> Initializing Driver....
Test Scenario Name : Filter items by country

  @smoke @regression
  Scenario Outline: Filter items by country # EbayCountryOutline.feature:12
    Given Search for "Shoes"                # EbayHomePageSteps.search_for(String)
    When Region of Manufacture "China"      # EbaySearchResultsSteps.region_of_Manufacture(String)
      org.openqa.selenium.NoSuchElementException: no such element: Unable to locate element: {"method":"xpath","selector":"//*[@id="s0-51-12-0-1-2-6-0-2[1]-4[5]-3"]"}
        (Session info: chrome=107.0.5304.88)
      For documentation on this error, please visit: http://seleniumhq.org/exceptions/no_such_element.html
      Build info: version: '3.12.0', revision: '7c6e0b3', time: '2018-05-08T14:04:26.12Z'
      System info: host: 'RATAN', ip: '192.168.68.53', os.name: 'Windows 10', os.arch: 'amd64', os.version: '10.0', java.version: '11.0.16'
      Driver info: org.openqa.selenium.chrome.ChromeDriver
      Capabilities {acceptInsecureCerts: false, browserName: chrome, browserVersion: 107.0.5304.88, chrome: {chromedriverVersion: 107.0.5304.62 (1eec40d3a576..., userDataDir: C:\Users\SKRAT\AppData\Loca...}, goog:chromeOptions: {debuggerAddress: localhost:55588}, javascriptEnabled: true, networkConnectionEnabled: false, pageLoadStrategy: normal, platform: WINDOWS, platformName: WINDOWS, proxy: Proxy(), setWindowRect: true, strictFileInteractability: false, timeouts: {implicit: 0, pageLoad: 300000, script: 30000}, unhandledPromptBehavior: dismiss and notify, webauthn:extension:credBlob: true, webauthn:extension:largeBlob: true, webauthn:virtualAuthenticators: true}
      Session ID: 4c2949b7e34e1f65773a1fc9bb2bb1c5
      *** Element info: {Using=xpath, value=//*[@id="s0-51-12-0-1-2-6-0-2[1]-4[5]-3"]}
      	at java.base/jdk.internal.reflect.NativeConstructorAccessorImpl.newInstance0(Native Method)
      	at java.base/jdk.internal.reflect.NativeConstructorAccessorImpl.newInstance(NativeConstructorAccessorImpl.java:62)
      	at java.base/jdk.internal.reflect.DelegatingConstructorAccessorImpl.newInstance(DelegatingConstructorAccessorImpl.java:45)
      	at java.base/java.lang.reflect.Constructor.newInstance(Constructor.java:490)
      	at org.openqa.selenium.remote.http.W3CHttpResponseCodec.createException(W3CHttpResponseCodec.java:187)
      	at org.openqa.selenium.remote.http.W3CHttpResponseCodec.decode(W3CHttpResponseCodec.java:122)
      	at org.openqa.selenium.remote.http.W3CHttpResponseCodec.decode(W3CHttpResponseCodec.java:49)
      	at org.openqa.selenium.remote.HttpCommandExecutor.execute(HttpCommandExecutor.java:158)
      	at org.openqa.selenium.remote.service.DriverCommandExecutor.execute(DriverCommandExecutor.java:83)
      	at org.openqa.selenium.remote.RemoteWebDriver.execute(RemoteWebDriver.java:543)
      	at org.openqa.selenium.remote.RemoteWebDriver.findElement(RemoteWebDriver.java:317)
      	at org.openqa.selenium.remote.RemoteWebDriver.findElementByXPath(RemoteWebDriver.java:419)
      	at org.openqa.selenium.By$ByXPath.findElement(By.java:353)
      	at org.openqa.selenium.remote.RemoteWebDriver.findElement(RemoteWebDriver.java:309)
      	at org.openqa.selenium.support.pagefactory.DefaultElementLocator.findElement(DefaultElementLocator.java:69)
      	at org.openqa.selenium.support.pagefactory.internal.LocatingElementHandler.invoke(LocatingElementHandler.java:38)
      	at com.sun.proxy.$Proxy22.click(Unknown Source)
      	at upskill.ebay.pageAction.EbaySearchResultActions.filterCountry(EbaySearchResultActions.java:53)
      	at upskill.ebay.stepDef.EbaySearchResultsSteps.region_of_Manufacture(EbaySearchResultsSteps.java:18)
      	at ?.When Region of Manufacture "China"(EbayCountryOutline.feature:8)

    Then Item list should from "China"      # EbaySearchResultsSteps.item_list_should_from(String)
Home page

  Background:                # EbayCountryOutline.feature:4
    Given Open Ebay Homepage # EbayHomePageSteps.open_Ebay_Homepage()
<<<<<<<<<<Screeshot Taken>>>>>>>>>
 -----Test Complete, Browser Closed----- 
--->>>> Initializing Driver....
Test Scenario Name : Filter items by country

  @smoke @regression
  Scenario Outline: Filter items by country # EbayCountryOutline.feature:13
    Given Search for "Shirts"               # EbayHomePageSteps.search_for(String)
    When Region of Manufacture "Bangladesh" # EbaySearchResultsSteps.region_of_Manufacture(String)
    Then Item list should from "Bangladesh" # EbaySearchResultsSteps.item_list_should_from(String)
      org.openqa.selenium.NoSuchElementException: no such element: Unable to locate element: {"method":"xpath","selector":"//*[@id="s0-51-12-6-3-4[0]-3-1-1-list"]/li/div/a/div"}
        (Session info: chrome=107.0.5304.88)
      For documentation on this error, please visit: http://seleniumhq.org/exceptions/no_such_element.html
      Build info: version: '3.12.0', revision: '7c6e0b3', time: '2018-05-08T14:04:26.12Z'
      System info: host: 'RATAN', ip: '192.168.68.53', os.name: 'Windows 10', os.arch: 'amd64', os.version: '10.0', java.version: '11.0.16'
      Driver info: org.openqa.selenium.chrome.ChromeDriver
      Capabilities {acceptInsecureCerts: false, browserName: chrome, browserVersion: 107.0.5304.88, chrome: {chromedriverVersion: 107.0.5304.62 (1eec40d3a576..., userDataDir: C:\Users\SKRAT\AppData\Loca...}, goog:chromeOptions: {debuggerAddress: localhost:55662}, javascriptEnabled: true, networkConnectionEnabled: false, pageLoadStrategy: normal, platform: WINDOWS, platformName: WINDOWS, proxy: Proxy(), setWindowRect: true, strictFileInteractability: false, timeouts: {implicit: 0, pageLoad: 300000, script: 30000}, unhandledPromptBehavior: dismiss and notify, webauthn:extension:credBlob: true, webauthn:extension:largeBlob: true, webauthn:virtualAuthenticators: true}
      Session ID: a48a68d69362ed44f85ee62b853eb789
      *** Element info: {Using=xpath, value=//*[@id="s0-51-12-6-3-4[0]-3-1-1-list"]/li/div/a/div}
      	at java.base/jdk.internal.reflect.NativeConstructorAccessorImpl.newInstance0(Native Method)
      	at java.base/jdk.internal.reflect.NativeConstructorAccessorImpl.newInstance(NativeConstructorAccessorImpl.java:62)
      	at java.base/jdk.internal.reflect.DelegatingConstructorAccessorImpl.newInstance(DelegatingConstructorAccessorImpl.java:45)
      	at java.base/java.lang.reflect.Constructor.newInstance(Constructor.java:490)
      	at org.openqa.selenium.remote.http.W3CHttpResponseCodec.createException(W3CHttpResponseCodec.java:187)
      	at org.openqa.selenium.remote.http.W3CHttpResponseCodec.decode(W3CHttpResponseCodec.java:122)
      	at org.openqa.selenium.remote.http.W3CHttpResponseCodec.decode(W3CHttpResponseCodec.java:49)
      	at org.openqa.selenium.remote.HttpCommandExecutor.execute(HttpCommandExecutor.java:158)
      	at org.openqa.selenium.remote.service.DriverCommandExecutor.execute(DriverCommandExecutor.java:83)
      	at org.openqa.selenium.remote.RemoteWebDriver.execute(RemoteWebDriver.java:543)
      	at org.openqa.selenium.remote.RemoteWebDriver.findElement(RemoteWebDriver.java:317)
      	at org.openqa.selenium.remote.RemoteWebDriver.findElementByXPath(RemoteWebDriver.java:419)
      	at org.openqa.selenium.By$ByXPath.findElement(By.java:353)
      	at org.openqa.selenium.remote.RemoteWebDriver.findElement(RemoteWebDriver.java:309)
      	at org.openqa.selenium.support.pagefactory.DefaultElementLocator.findElement(DefaultElementLocator.java:69)
      	at org.openqa.selenium.support.pagefactory.internal.LocatingElementHandler.invoke(LocatingElementHandler.java:38)
      	at com.sun.proxy.$Proxy22.isDisplayed(Unknown Source)
      	at upskill.ebay.pageAction.EbaySearchResultActions.verifyItemsByCountry(EbaySearchResultActions.java:70)
      	at upskill.ebay.stepDef.EbaySearchResultsSteps.item_list_should_from(EbaySearchResultsSteps.java:23)
      	at ?.Then Item list should from "Bangladesh"(EbayCountryOutline.feature:9)

Home page

  Background:                # EbayCountryOutline.feature:4
    Given Open Ebay Homepage # EbayHomePageSteps.open_Ebay_Homepage()
 -----Test Complete, Browser Closed----- 

  @smoke @regression
  Scenario Outline: Filter items by country    # EbayCountryOutline.feature:14
    Given Search for "Pants"                   # EbayHomePageSteps.search_for(String)
    When Region of Manufacture "United States" # EbaySearchResultsSteps.region_of_Manufacture(String)
    Then Item list should from "United States" # EbaySearchResultsSteps.item_list_should_from(String)
]]></system-out>
    <system-err><![CDATA[Starting ChromeDriver 107.0.5304.62 (1eec40d3a5764881c92085aaee66d25075c159aa-refs/branch-heads/5304@{#942}) on port 5332
Only local connections are allowed.
Please see https://chromedriver.chromium.org/security-considerations for suggestions on keeping ChromeDriver safe.
ChromeDriver was started successfully.
Nov 05, 2022 6:54:57 PM org.openqa.selenium.remote.ProtocolHandshake createSession
INFO: Detected dialect: W3C
Starting ChromeDriver 107.0.5304.62 (1eec40d3a5764881c92085aaee66d25075c159aa-refs/branch-heads/5304@{#942}) on port 19004
Only local connections are allowed.
Please see https://chromedriver.chromium.org/security-considerations for suggestions on keeping ChromeDriver safe.
ChromeDriver was started successfully.
Nov 05, 2022 6:55:04 PM org.openqa.selenium.remote.ProtocolHandshake createSession
INFO: Detected dialect: W3C
[1667688914.814][SEVERE]: Unable to receive message from renderer
Starting ChromeDriver 107.0.5304.62 (1eec40d3a5764881c92085aaee66d25075c159aa-refs/branch-heads/5304@{#942}) on port 16532
Only local connections are allowed.
Please see https://chromedriver.chromium.org/security-considerations for suggestions on keeping ChromeDriver safe.
ChromeDriver was started successfully.
Nov 05, 2022 6:55:15 PM org.openqa.selenium.remote.ProtocolHandshake createSession
INFO: Detected dialect: W3C
]]></system-err>
  </testcase>
  <testcase name="feature" classname="upskill.runners.RunnerClass" time="12.862"/>
  <testcase name="feature" classname="upskill.runners.RunnerClass" time="6.864"/>
  <testcase name="feature" classname="upskill.runners.RunnerClass" time="6.92"/>
  <testcase name="feature" classname="upskill.runners.RunnerClass" time="10.624"/>
  <testcase name="feature" classname="upskill.runners.RunnerClass" time="7.865"/>
  <testcase name="feature" classname="upskill.runners.RunnerClass" time="2.196"/>
  <testcase name="feature" classname="upskill.runners.RunnerClass" time="15.239"/>
</testsuite>